<?xml version="1.0" encoding="UTF-8"?>
<!-- Generated by org.testng.reporters.JUnitReportReporter -->
<testsuite skipped="0" hostname="pvco306" name="NikiTest.com.NikiTest.PrepaidRecahrgeTest" tests="1" failures="0" timestamp="02 Jul 2017 13:53:16 GMT" time="60.541" errors="0">
  <testcase name="verifyPrepaidRecharge" time="60.541" classname="NikiTest.com.NikiTest.PrepaidRecahrgeTest"/>
</testsuite> <!-- NikiTest.com.NikiTest.PrepaidRecahrgeTest -->
